<?xml version="1.0" encoding="UTF-8"?>
<!-- Generated by org.testng.reporters.JUnitXMLReporter -->
<testsuite ignored="0" hostname="Bujuku" failures="0" tests="3" name="Default test" time="0.064" errors="0" timestamp="2023-12-24T14:25:13 IST">
  <testcase classname="com.simplilearn.tdd.TrainingTest" name="test1" time="0.006"/>
  <testcase classname="com.simplilearn.tdd.TrainingTest" name="test2" time="0.001"/>
  <testcase classname="com.simplilearn.tdd.TrainingTest" name="test3" time="0.001"/>
</testsuite> <!-- Default test -->
